Arguments: 
  /Users/jean/.nvm/versions/node/v16.15.0/bin/node /Users/jean/.yarn/bin/yarn.js

PATH: 
  /Users/jean/.yarn/bin:/Users/jean/.config/yarn/global/node_modules/.bin:/Users/jean/.nvm/versions/node/v16.15.0/bin:/usr/local/bin:/usr/bin:/bin:/usr/sbin:/sbin:/Users/jean/.yarn/bin:/Users/jean/.config/yarn/global/node_modules/.bin:/Users/jean/.local/share/zinit/polaris/bin:/Users/jean/.nvm/versions/node/v16.15.0/bin

Yarn version: 
  1.22.19

Node version: 
  16.15.0

Platform: 
  darwin x64

Trace: 
  SyntaxError: /Users/jean/Projects/adonis5-auditable/package.json: Unexpected token } in JSON at position 2401
      at JSON.parse (<anonymous>)
      at /Users/jean/.yarn/lib/cli.js:1629:59
      at Generator.next (<anonymous>)
      at step (/Users/jean/.yarn/lib/cli.js:310:30)
      at /Users/jean/.yarn/lib/cli.js:321:13

npm manifest: 
  {
    "name": "adonis-auditable",
    "version": "1.0.0",
    "description": "Audit AdonisJS models",
    "main": " ",
    "scripts": {
      "mrm": "mrm --preset=@adonisjs/mrm-preset",
      "test": "node -r @adonisjs/assembler/build/register bin/test/index.ts",
      "coverage": "nyc yarn test",
      "clean": "del build",
      "copyfiles": "copyfiles \"templates/**/*.txt\" \"instructions.md\" build",
      "compile": "yarn lint && yarn clean && tsc",
      "build": "yarn compile && yarn copyfiles",
      "prepublishOnly": "yarn build",
      "lint": "eslint . --ext=.ts",
      "format": "prettier --write .",
      "commit": "git-cz",
      "release": "np --message=\"chore(release): %s\"",
      "version": "yarn build",
      "sync-labels": "github-label-sync --labels ./node_modules/@adonisjs/mrm-preset/gh-labels.json verful/notifications"
    },
    "repository": {
      "type": "git",
      "url": "git+https://github.com/simontong/adonis-auditable.git"
    },
    "keywords": [
      "adonis",
      "adonis5",
      "auditable",
      "adonis-auditable",
      "adonis5-auditable"
    ],
    "author": "Jean Bispo <me@jeanbispo.com>",
    "license": "MIT",
    "bugs": {
      "url": "https://github.com/jeanbispo/adonis5-auditable/issues"
    },
    "homepage": "https://github.com/jeanbispo/adonis5-auditable#readme",
    "dependencies": {
      "lodash": "^4.17.4"
    },
    "devDependencies": {
      "@adonisjs/assembler": "^5.7.0",
      "@adonisjs/core": "^5.8.3",
      "@adonisjs/lucid": "^18.0.0",
      "@adonisjs/mrm-preset": "^5.0.3",
      "@adonisjs/require-ts": "^2.0.12",
      "@adonisjs/sink": "^5.3.2",
      "@istanbuljs/nyc-config-typescript": "^1.0.2",
      "@japa/expect": "^1.1.4",
      "@japa/run-failed-tests": "^1.0.7",
      "@japa/runner": "^2.0.8",
      "@japa/spec-reporter": "^1.1.12",
      "@poppinss/dev-utils": "^2.0.3",
      "@types/node": "^17.0.38",
      "commitizen": "^4.2.4",
      "copyfiles": "^2.4.1",
      "cz-conventional-changelog": "^3.3.0",
      "del-cli": "^4.0.1",
      "eslint": "^8.16.0",
      "eslint-config-prettier": "^8.5.0",
      "eslint-plugin-adonis": "^2.1.0",
      "eslint-plugin-prettier": "^4.0.0",
      "github-label-sync": "^2.2.0",
      "husky": "^8.0.1",
      "mrm": "^4.0.0",
      "np": "^7.6.1",
      "nyc": "^15.1.0",
      "prettier": "^2.6.2",
      "reflect-metadata": "^0.1.13",
      "typescript": "^4.7.2"
    },
    "peerDependencies": {
      "@adonisjs/core": "^5.8.3",
      "@adonisjs/lucid": "^16.3.2 || ^17.0.0 || ^18.0.0",
    },
    "peerDependenciesMeta": {
      "@adonisjs/lucid": {
        "optional": true
      }
    },
    "engines": {
      "node": ">=10"
    },
    "eslintConfig": {
      "extends": [
        "plugin:adonis/typescriptPackage",
        "prettier"
      ],
      "plugins": [
        "prettier"
      ],
      "rules": {
        "prettier/prettier": [
          "error",
          {
            "endOfLine": "auto"
          }
        ]
      }
    },
    "eslintIgnore": [
      "build"
    ],
    "prettier": {
      "trailingComma": "es5",
      "semi": false,
      "singleQuote": true,
      "useTabs": false,
      "quoteProps": "consistent",
      "bracketSpacing": true,
      "arrowParens": "always",
      "printWidth": 100
    },
    "config": {
      "commitizen": {
        "path": "cz-conventional-changelog"
      }
    },
    "np": {
      "contents": ".",
      "anyBranch": false
    },
    "adonisjs": {
      "types": "@jeanbispo/adonis-auditable",
      "instructions": "./build/instructions.js",
      "instructionsMd": "./build/instructions.md",
      "providers": [
        "@jeanbispo/adonis-auditable"
      ]
    },
    "publishConfig": {
      "registry": "https://registry.npmjs.org"
    }
  }

yarn manifest: 
  No manifest

Lockfile: 
  No lockfile
